E:\YS\VISUAL STUDIO 2010\PROJECTS\FEIJI\DEBUG\FEIJI.EXE
E:\YS\VISUAL STUDIO 2010\PROJECTS\FEIJI\DEBUG\FEIJI.ILK
E:\YS\VISUAL STUDIO 2010\PROJECTS\FEIJI\DEBUG\FEIJI.PDB
E:\ys\Visual Studio 2010\Projects\Feiji\Feiji\Debug\cl.command.1.tlog
E:\ys\Visual Studio 2010\Projects\Feiji\Feiji\Debug\CL.read.1.tlog
E:\ys\Visual Studio 2010\Projects\Feiji\Feiji\Debug\CL.write.1.tlog
E:\YS\VISUAL STUDIO 2010\PROJECTS\FEIJI\FEIJI\DEBUG\FEIJI.EXE.EMBED.MANIFEST
E:\YS\VISUAL STUDIO 2010\PROJECTS\FEIJI\FEIJI\DEBUG\FEIJI.EXE.EMBED.MANIFEST.RES
E:\YS\VISUAL STUDIO 2010\PROJECTS\FEIJI\FEIJI\DEBUG\FEIJI.EXE.INTERMEDIATE.MANIFEST
E:\YS\VISUAL STUDIO 2010\PROJECTS\FEIJI\FEIJI\DEBUG\FEIJI.OBJ
E:\YS\VISUAL STUDIO 2010\PROJECTS\FEIJI\FEIJI\DEBUG\FEIJI.PCH
E:\YS\VISUAL STUDIO 2010\PROJECTS\FEIJI\FEIJI\DEBUG\FEIJI.RES
E:\ys\Visual Studio 2010\Projects\Feiji\Feiji\Debug\Feiji.vcxprojResolveAssemblyReference.cache
E:\ys\Visual Studio 2010\Projects\Feiji\Feiji\Debug\Feiji.write.1.tlog
E:\ys\Visual Studio 2010\Projects\Feiji\Feiji\Debug\Feiji_manifest.rc
E:\YS\VISUAL STUDIO 2010\PROJECTS\FEIJI\FEIJI\DEBUG\FEIJICONTROL.OBJ
E:\YS\VISUAL STUDIO 2010\PROJECTS\FEIJI\FEIJI\DEBUG\FEIJIDLG.OBJ
E:\ys\Visual Studio 2010\Projects\Feiji\Feiji\Debug\link.20032.read.1.tlog
E:\ys\Visual Studio 2010\Projects\Feiji\Feiji\Debug\link.20032.write.1.tlog
E:\ys\Visual Studio 2010\Projects\Feiji\Feiji\Debug\link.20032-cvtres.read.1.tlog
E:\ys\Visual Studio 2010\Projects\Feiji\Feiji\Debug\link.20032-cvtres.write.1.tlog
E:\ys\Visual Studio 2010\Projects\Feiji\Feiji\Debug\link.command.1.tlog
E:\ys\Visual Studio 2010\Projects\Feiji\Feiji\Debug\link.read.1.tlog
E:\ys\Visual Studio 2010\Projects\Feiji\Feiji\Debug\link.write.1.tlog
E:\ys\Visual Studio 2010\Projects\Feiji\Feiji\Debug\link-cvtres.read.1.tlog
E:\ys\Visual Studio 2010\Projects\Feiji\Feiji\Debug\link-cvtres.write.1.tlog
E:\ys\Visual Studio 2010\Projects\Feiji\Feiji\Debug\mt.command.1.tlog
E:\ys\Visual Studio 2010\Projects\Feiji\Feiji\Debug\mt.read.1.tlog
E:\ys\Visual Studio 2010\Projects\Feiji\Feiji\Debug\mt.write.1.tlog
E:\ys\Visual Studio 2010\Projects\Feiji\Feiji\Debug\rc.command.1.tlog
E:\ys\Visual Studio 2010\Projects\Feiji\Feiji\Debug\rc.read.1.tlog
E:\ys\Visual Studio 2010\Projects\Feiji\Feiji\Debug\rc.write.1.tlog
E:\YS\VISUAL STUDIO 2010\PROJECTS\FEIJI\FEIJI\DEBUG\STDAFX.OBJ
E:\ys\Visual Studio 2010\Projects\Feiji\Feiji\Debug\vc100.idb
E:\YS\VISUAL STUDIO 2010\PROJECTS\FEIJI\FEIJI\DEBUG\VC100.PDB
